<?xml version="1.0" encoding="UTF-8"?>
<!-- Generated by org.testng.reporters.JUnitXMLReporter -->
<testsuite hostname="MERIN" ignored="0" name="Default test" tests="6" failures="0" timestamp="07 Sep 2022 06:56:10 GMT" time="0.035" errors="0">
  <testcase name="tc1" time="0.008" classname="com.test.Grouping"/>
  <testcase name="tc2" time="0.001" classname="com.test.Grouping"/>
  <testcase name="tc3" time="0.001" classname="com.test.Grouping"/>
  <testcase name="tc4" time="0.001" classname="com.test.Grouping"/>
  <testcase name="tc5" time="0.001" classname="com.test.Grouping"/>
  <testcase name="tc6" time="0.001" classname="com.test.Grouping"/>
</testsuite> <!-- Default test -->
