<?xml version="1.0" encoding="UTF-8"?>
<!-- Generated by org.testng.reporters.JUnitXMLReporter -->
<testsuite hostname="MERIN" ignored="2" name="Test" tests="4" failures="0" timestamp="07 Sep 2022 07:21:07 GMT" time="0.03" errors="0">
  <testcase name="tc1" time="0.016" classname="com.test.Grouping"/>
  <testcase name="tc2" time="0.0" classname="com.test.Grouping"/>
  <testcase name="tc4" time="0.0" classname="com.test.Grouping"/>
  <testcase name="tc5" time="0.0" classname="com.test.Grouping"/>
  <testcase name="tc3" time="0.0" classname="com.test.Grouping">
    <ignored/>
  </testcase> <!-- tc3 -->
  <testcase name="tc6" time="0.0" classname="com.test.Grouping">
    <ignored/>
  </testcase> <!-- tc6 -->
</testsuite> <!-- Test -->
